2025-01-02 05:56:10,209 - Response: 
2025-01-02 05:56:32,161 - Response: 
2025-01-02 05:57:03,810 - Response: The current time is 05:57:03
2025-01-02 06:05:11,650 - Response: The current time is 06:05:11
2025-01-02 06:05:40,473 - Response: Sorry, I didn't understand that.
2025-01-02 06:05:53,725 - Response: opening chrome
2025-01-02 06:08:21,192 - Response: Sorry, I didn't understand that.
2025-01-02 08:27:04,314 - Response: opening youtube
2025-01-02 08:27:57,116 - Response: opening chrome
2025-01-02 08:28:08,735 - Response: Searching the web for play binary.
2025-01-02 08:28:31,192 - Response: Playing binary search on YouTube.
2025-01-02 08:29:26,971 - Response: The current time is 08:29:26
2025-01-02 08:29:43,503 - Response: Searching the web for mahatma gandhi.
2025-01-02 08:29:59,799 - Response: Searching the web for mahatma gandhi on.
2025-01-02 08:30:14,584 - Response: Sorry, I didn't understand that.
2025-01-02 08:30:35,788 - Response: Sorry, I didn't understand that.
2025-01-02 08:30:50,636 - Response: Sorry, I didn't understand that.
2025-01-02 08:33:53,038 - Response: Searching the web for mahatma gandhi on.
2025-01-02 08:34:26,541 - Response: Searching the web for mahatma gandhi wikipedia.
2025-01-02 08:38:46,855 - Response: Searching the web for mahatma gandhi on wikipedia  mahatma gandhi on wikipedia.
2025-01-02 08:39:04,350 - Response: Searching the web for mahatma gandhi.
2025-01-02 08:39:27,719 - Response: Sorry, I didn't understand that.
2025-01-02 08:39:42,235 - Response: Searching the web for johnny sins.
2025-01-02 08:40:08,956 - Response: Playing johnny sins video on YouTube.
2025-01-02 12:48:30,772 - Response: Playing binary search on YouTube.
2025-01-02 12:49:06,808 - Response: Sorry, I didn't understand that.
2025-01-02 12:49:26,008 - Response: Searching the web for mahatma gandhi.
2025-01-02 12:49:43,371 - Response: The current time is 12:49:43
